Arguments: 
  /home/nayakie/.nvm/versions/node/v16.14.2/bin/node /home/nayakie/.node/corepack/yarn/1.22.15/bin/yarn.js

PATH: 
  /home/nayakie/.vscode-server/bin/0ee08df0cf4527e40edc9aa28f4b5bd38bbff2b2/bin/remote-cli:/home/nayakie/.nvm/versions/node/v16.14.2/bin:/usr/local/sbin:/usr/local/bin:/usr/sbin:/usr/bin:/sbin:/bin:/usr/games:/usr/local/games:/usr/lib/wsl/lib:/mnt/c/Python311/Scripts/:/mnt/c/Python311/:/mnt/c/Program Files/Common Files/Oracle/Java/javapath:/mnt/c/Program Files (x86)/Intel/Intel(R) Management Engine Components/iCLS/:/mnt/c/Program Files/Intel/Intel(R) Management Engine Components/iCLS/:/mnt/c/WINDOWS/system32:/mnt/c/WINDOWS:/mnt/c/WINDOWS/System32/Wbem:/mnt/c/WINDOWS/System32/WindowsPowerShell/v1.0/:/mnt/c/WINDOWS/System32/OpenSSH/:/mnt/c/Program Files (x86)/Intel/Intel(R) Management Engine Components/DAL:/mnt/c/Program Files/Intel/Intel(R) Management Engine Components/DAL:/mnt/e/MATLAB/R2017b/runtime/win64:/mnt/e/MATLAB/R2017b/bin:/mnt/c/Program Files/dotnet/:/mnt/c/Program Files/Git/cmd:/mnt/c/Program Files/nodejs/:/mnt/c/ProgramData/chocolatey/bin:/mnt/c/Program Files/MySQL/MySQL Shell 8.0/bin/:/mnt/c/Users/Sarat/AppData/Local/Microsoft/WindowsApps:/mnt/c/Users/Sarat/AppData/Local/JetBrains/PyCharm Community Edition 2019.1.3/bin:/mnt/c/Users/Sarat/AppData/Local/Programs/Microsoft VS Code/bin:/mnt/c/Users/Sarat/AppData/Roaming/npm:/snap/bin

Yarn version: 
  1.22.15

Node version: 
  16.14.2

Platform: 
  linux x64

Trace: 
  SyntaxError: /home/nayakie/.cache/yarn/v6/npm-@ethersproject-abstract-signer-5.7.0-13f4f32117868452191a4649723cb086d2b596b2-integrity/node_modules/@ethersproject/abstract-signer/.yarn-metadata.json: Unexpected end of JSON input
      at JSON.parse (<anonymous>)
      at /home/nayakie/.node/corepack/yarn/1.22.15/lib/cli.js:1625:59
      at Generator.next (<anonymous>)
      at step (/home/nayakie/.node/corepack/yarn/1.22.15/lib/cli.js:310:30)
      at /home/nayakie/.node/corepack/yarn/1.22.15/lib/cli.js:321:13

npm manifest: 
  {
    "dependencies": {
      "@chainlink/contracts": "^0.5.1",
      "hardhat": "^2.19.2"
    },
    "devDependencies": {
      "@nomicfoundation/hardhat-toolbox": "^4.0.0",
      "@nomiclabs/hardhat-ethers": "npm:hardhat-deploy-ethers@^0.4.1",
      "ethers": "^6.9.0",
      "hardhat-deploy": "^0.11.44"
    }
  }

yarn manifest: 
  No manifest

Lockfile: 
  No lockfile
